Traceback (most recent call last):
  File "/datos/repos/Personal/TesisJacobContenidos/repos/Simulaciones/15_caso_wikipedia/src/validate.py", line 67, in <module>
    main()
    ~~~~^^
  File "/datos/repos/Personal/TesisJacobContenidos/repos/Simulaciones/15_caso_wikipedia/src/validate.py", line 49, in main
    results = run_full_validation(
        config, load_real_data, make_synthetic,
        simulate_abm, simulate_ode,
    )
  File "/datos/repos/Personal/TesisJacobContenidos/repos/Simulaciones/15_caso_wikipedia/src/../../common/hybrid_validator.py", line 1091, in run_full_validation
    real = evaluate_phase(
        config, real_df, config.real_start, config.real_end,
        config.real_split, simulate_abm_fn, simulate_ode_fn,
        param_grid=param_grid
    )
  File "/datos/repos/Personal/TesisJacobContenidos/repos/Simulaciones/15_caso_wikipedia/src/../../common/hybrid_validator.py", line 822, in evaluate_phase
    best_abm, best_err, top_5 = calibrate_abm(
                                ~~~~~~~~~~~~~^
        obs[:val_start], base_params, val_start, simulate_abm_fn,
        ^^^^^^^^^^^^^^^^^^^^^^^^^^^^^^^^^^^^^^^^^^^^^^^^^^^^^^^^^
        param_grid=param_grid, seed=2
        ^^^^^^^^^^^^^^^^^^^^^^^^^^^^^
    )
    ^
  File "/datos/repos/Personal/TesisJacobContenidos/repos/Simulaciones/15_caso_wikipedia/src/../../common/hybrid_validator.py", line 357, in calibrate_abm
    sim = simulate_abm_fn(params, steps, seed=seed)
  File "/datos/repos/Personal/TesisJacobContenidos/repos/Simulaciones/15_caso_wikipedia/src/abm.py", line 66, in simulate_abm
    j = rng.choice(adj[i])
  File "numpy/random/_generator.pyx", line 914, in numpy.random._generator.Generator.choice
  File "numpy/random/_generator.pyx", line 674, in numpy.random._generator.Generator.integers
  File "numpy/random/_bounded_integers.pyx", line 1315, in numpy.random._bounded_integers._rand_int64
  File "/home/stev/.local/lib/python3.13/site-packages/numpy/_core/fromnumeric.py", line 3404, in prod
    return _wrapreduction(a, np.multiply, 'prod', axis, dtype, out,
                          keepdims=keepdims, initial=initial, where=where)
  File "/home/stev/.local/lib/python3.13/site-packages/numpy/_core/fromnumeric.py", line 83, in _wrapreduction
    return ufunc.reduce(obj, axis, dtype, out, **passkwargs)
           ~~~~~~~~~~~~^^^^^^^^^^^^^^^^^^^^^^^^^^^^^^^^^^^^^
KeyboardInterrupt
