/datos/repos/Personal/TesisJacobContenidos/repos/Simulaciones/19_caso_acidificacion_oceanica/src/ode.py:44: RuntimeWarning: invalid value encountered in log
  RF = RF_base + 5.0 * np.log(pCO2 / 280)
Traceback (most recent call last):
  File "/datos/repos/Personal/TesisJacobContenidos/repos/Simulaciones/19_caso_acidificacion_oceanica/src/validate.py", line 70, in <module>
    main()
    ~~~~^^
  File "/datos/repos/Personal/TesisJacobContenidos/repos/Simulaciones/19_caso_acidificacion_oceanica/src/validate.py", line 52, in main
    results = run_full_validation(
        config, load_real_data, make_synthetic,
        simulate_abm, simulate_ode,
    )
  File "/datos/repos/Personal/TesisJacobContenidos/repos/Simulaciones/19_caso_acidificacion_oceanica/src/../../common/hybrid_validator.py", line 1091, in run_full_validation
    real = evaluate_phase(
        config, real_df, config.real_start, config.real_end,
        config.real_split, simulate_abm_fn, simulate_ode_fn,
        param_grid=param_grid
    )
  File "/datos/repos/Personal/TesisJacobContenidos/repos/Simulaciones/19_caso_acidificacion_oceanica/src/../../common/hybrid_validator.py", line 822, in evaluate_phase
    best_abm, best_err, top_5 = calibrate_abm(
                                ~~~~~~~~~~~~~^
        obs[:val_start], base_params, val_start, simulate_abm_fn,
        ^^^^^^^^^^^^^^^^^^^^^^^^^^^^^^^^^^^^^^^^^^^^^^^^^^^^^^^^^
        param_grid=param_grid, seed=2
        ^^^^^^^^^^^^^^^^^^^^^^^^^^^^^
    )
    ^
  File "/datos/repos/Personal/TesisJacobContenidos/repos/Simulaciones/19_caso_acidificacion_oceanica/src/../../common/hybrid_validator.py", line 309, in calibrate_abm
    sim = simulate_abm_fn(params, steps, seed=seed)
  File "/datos/repos/Personal/TesisJacobContenidos/repos/Simulaciones/19_caso_acidificacion_oceanica/src/abm.py", line 101, in simulate_abm
    dm += rng.normal(0, 0.005)
          ~~~~~~~~~~^^^^^^^^^^
KeyboardInterrupt
